<?xml version="1.0" encoding="UTF-8"?>
<coverage generated="1778662592988" clover="3.2.0">
  <project timestamp="1778662592988" name="All files">
    <metrics statements="29" coveredstatements="19" conditionals="6" coveredconditionals="3" methods="14" coveredmethods="4" elements="49" coveredelements="26" complexity="0" loc="29" ncloc="29" packages="2" files="7" classes="7"/>
    <package name="components">
      <metrics statements="13" coveredstatements="10" conditionals="6" coveredconditionals="3" methods="7" coveredmethods="4"/>
      <file name="Header.js" path="D:\skill dev sessions assets\frontendPractice\src\components\Header.js">
        <metrics statements="11" coveredstatements="8" conditionals="6" coveredconditionals="3" methods="6" coveredmethods="3"/>
        <line num="9" count="1" type="stmt"/>
        <line num="11" count="1" type="stmt"/>
        <line num="12" count="1" type="stmt"/>
        <line num="13" count="2" type="stmt"/>
        <line num="14" count="2" type="stmt"/>
        <line num="15" count="1" type="stmt"/>
        <line num="16" count="1" type="stmt"/>
        <line num="25" count="1" type="stmt"/>
        <line num="47" count="0" type="stmt"/>
        <line num="49" count="0" type="stmt"/>
        <line num="50" count="0" type="stmt"/>
      </file>
      <file name="UnauthorizedAccess.js" path="D:\skill dev sessions assets\frontendPractice\src\components\UnauthorizedAccess.js">
        <metrics statements="2" coveredstatements="2" conditionals="0" coveredconditionals="0" methods="1" coveredmethods="1"/>
        <line num="1" count="1" type="stmt"/>
        <line num="2" count="1" type="stmt"/>
      </file>
    </package>
    <package name="utils">
      <metrics statements="16" coveredstatements="9" conditionals="0" coveredconditionals="0" methods="7" coveredmethods="0"/>
      <file name="UserContext.js" path="D:\skill dev sessions assets\frontendPractice\src\utils\UserContext.js">
        <metrics statements="1" coveredstatements="1" conditionals="0" coveredconditionals="0" methods="0" coveredmethods="0"/>
        <line num="3" count="1" type="stmt"/>
      </file>
      <file name="appStore.js" path="D:\skill dev sessions assets\frontendPractice\src\utils\appStore.js">
        <metrics statements="1" coveredstatements="1" conditionals="0" coveredconditionals="0" methods="0" coveredmethods="0"/>
        <line num="5" count="1" type="stmt"/>
      </file>
      <file name="cartSlice.js" path="D:\skill dev sessions assets\frontendPractice\src\utils\cartSlice.js">
        <metrics statements="7" coveredstatements="3" conditionals="0" coveredconditionals="0" methods="4" coveredmethods="0"/>
        <line num="3" count="1" type="stmt"/>
        <line num="10" count="0" type="stmt"/>
        <line num="13" count="0" type="stmt"/>
        <line num="14" count="0" type="stmt"/>
        <line num="18" count="0" type="stmt"/>
        <line num="23" count="1" type="stmt"/>
        <line num="24" count="1" type="stmt"/>
      </file>
      <file name="constants.js" path="D:\skill dev sessions assets\frontendPractice\src\utils\constants.js">
        <metrics statements="2" coveredstatements="2" conditionals="0" coveredconditionals="0" methods="0" coveredmethods="0"/>
        <line num="1" count="1" type="stmt"/>
        <line num="3" count="1" type="stmt"/>
      </file>
      <file name="themeSlice.js" path="D:\skill dev sessions assets\frontendPractice\src\utils\themeSlice.js">
        <metrics statements="5" coveredstatements="2" conditionals="0" coveredconditionals="0" methods="3" coveredmethods="0"/>
        <line num="4" count="1" type="stmt"/>
        <line num="11" count="0" type="stmt"/>
        <line num="14" count="0" type="stmt"/>
        <line num="17" count="0" type="stmt"/>
        <line num="22" count="1" type="stmt"/>
      </file>
    </package>
  </project>
</coverage>
