{"D:\\skill dev sessions assets\\frontendPractice\\src\\components\\Header.js": {"path":"D:\\skill dev sessions assets\\frontendPractice\\src\\components\\Header.js","statementMap":{"0":{"start":{"line":9,"column":15},"end":{"line":58,"column":1}},"1":{"start":{"line":11,"column":50},"end":{"line":11,"column":73}},"2":{"start":{"line":12,"column":19},"end":{"line":12,"column":32}},"3":{"start":{"line":13,"column":20},"end":{"line":13,"column":58}},"4":{"start":{"line":13,"column":41},"end":{"line":13,"column":57}},"5":{"start":{"line":14,"column":21},"end":{"line":14,"column":65}},"6":{"start":{"line":14,"column":42},"end":{"line":14,"column":64}},"7":{"start":{"line":15,"column":46},"end":{"line":15,"column":61}},"8":{"start":{"line":16,"column":2},"end":{"line":16,"column":40}},"9":{"start":{"line":25,"column":2},"end":{"line":57,"column":4}},"10":{"start":{"line":47,"column":51},"end":{"line":47,"column":83}},"11":{"start":{"line":49,"column":107},"end":{"line":49,"column":127}},"12":{"start":{"line":50,"column":107},"end":{"line":50,"column":126}}},"fnMap":{"0":{"name":"(anonymous_0)","decl":{"start":{"line":9,"column":15},"end":{"line":9,"column":16}},"loc":{"start":{"line":9,"column":21},"end":{"line":58,"column":1}},"line":9},"1":{"name":"(anonymous_1)","decl":{"start":{"line":13,"column":32},"end":{"line":13,"column":33}},"loc":{"start":{"line":13,"column":41},"end":{"line":13,"column":57}},"line":13},"2":{"name":"(anonymous_2)","decl":{"start":{"line":14,"column":33},"end":{"line":14,"column":34}},"loc":{"start":{"line":14,"column":42},"end":{"line":14,"column":64}},"line":14},"3":{"name":"(anonymous_3)","decl":{"start":{"line":47,"column":45},"end":{"line":47,"column":46}},"loc":{"start":{"line":47,"column":51},"end":{"line":47,"column":83}},"line":47},"4":{"name":"(anonymous_4)","decl":{"start":{"line":49,"column":101},"end":{"line":49,"column":102}},"loc":{"start":{"line":49,"column":107},"end":{"line":49,"column":127}},"line":49},"5":{"name":"(anonymous_5)","decl":{"start":{"line":50,"column":101},"end":{"line":50,"column":102}},"loc":{"start":{"line":50,"column":107},"end":{"line":50,"column":126}},"line":50}},"branchMap":{"0":{"loc":{"start":{"line":30,"column":6},"end":{"line":30,"column":64}},"type":"cond-expr","locations":[{"start":{"line":30,"column":19},"end":{"line":30,"column":40}},{"start":{"line":30,"column":43},"end":{"line":30,"column":64}}],"line":30},"1":{"loc":{"start":{"line":48,"column":33},"end":{"line":48,"column":67}},"type":"cond-expr","locations":[{"start":{"line":48,"column":49},"end":{"line":48,"column":56}},{"start":{"line":48,"column":59},"end":{"line":48,"column":67}}],"line":48},"2":{"loc":{"start":{"line":48,"column":102},"end":{"line":48,"column":160}},"type":"cond-expr","locations":[{"start":{"line":48,"column":115},"end":{"line":48,"column":136}},{"start":{"line":48,"column":139},"end":{"line":48,"column":160}}],"line":48}},"s":{"0":1,"1":1,"2":1,"3":1,"4":2,"5":1,"6":2,"7":1,"8":1,"9":1,"10":0,"11":0,"12":0},"f":{"0":1,"1":2,"2":2,"3":0,"4":0,"5":0},"b":{"0":[0,1],"1":[0,1],"2":[0,1]},"_coverageSchema":"1a1c01bbd47fc00a2c39e90264f33305004495a9","hash":"48fd376aa7c7e4ea6e7397fc347f8fbf235ec24f"}
,"D:\\skill dev sessions assets\\frontendPractice\\src\\components\\UnauthorizedAccess.js": {"path":"D:\\skill dev sessions assets\\frontendPractice\\src\\components\\UnauthorizedAccess.js","statementMap":{"0":{"start":{"line":1,"column":27},"end":{"line":7,"column":1}},"1":{"start":{"line":2,"column":4},"end":{"line":6,"column":5}}},"fnMap":{"0":{"name":"(anonymous_0)","decl":{"start":{"line":1,"column":27},"end":{"line":1,"column":28}},"loc":{"start":{"line":1,"column":33},"end":{"line":7,"column":1}},"line":1}},"branchMap":{},"s":{"0":1,"1":1},"f":{"0":1},"b":{},"_coverageSchema":"1a1c01bbd47fc00a2c39e90264f33305004495a9","hash":"65ef11b5df6231da19a47eca78c5a2115092677d"}
,"D:\\skill dev sessions assets\\frontendPractice\\src\\utils\\UserContext.js": {"path":"D:\\skill dev sessions assets\\frontendPractice\\src\\utils\\UserContext.js","statementMap":{"0":{"start":{"line":3,"column":20},"end":{"line":8,"column":2}}},"fnMap":{},"branchMap":{},"s":{"0":1},"f":{},"b":{},"_coverageSchema":"1a1c01bbd47fc00a2c39e90264f33305004495a9","hash":"129729b9c72ddd18da9f785ed90e5f4efbb74b55"}
,"D:\\skill dev sessions assets\\frontendPractice\\src\\utils\\appStore.js": {"path":"D:\\skill dev sessions assets\\frontendPractice\\src\\utils\\appStore.js","statementMap":{"0":{"start":{"line":5,"column":17},"end":{"line":11,"column":2}}},"fnMap":{},"branchMap":{},"s":{"0":1},"f":{},"b":{},"_coverageSchema":"1a1c01bbd47fc00a2c39e90264f33305004495a9","hash":"e68c57b5e05b8871ccb0bfd35608585ce3aef28e"}
,"D:\\skill dev sessions assets\\frontendPractice\\src\\utils\\cartSlice.js": {"path":"D:\\skill dev sessions assets\\frontendPractice\\src\\utils\\cartSlice.js","statementMap":{"0":{"start":{"line":3,"column":18},"end":{"line":21,"column":2}},"1":{"start":{"line":10,"column":10},"end":{"line":10,"column":43}},"2":{"start":{"line":13,"column":10},"end":{"line":15,"column":11}},"3":{"start":{"line":14,"column":24},"end":{"line":14,"column":55}},"4":{"start":{"line":18,"column":10},"end":{"line":18,"column":33}},"5":{"start":{"line":23,"column":0},"end":{"line":23,"column":43}},"6":{"start":{"line":24,"column":51},"end":{"line":24,"column":68}}},"fnMap":{"0":{"name":"(anonymous_0)","decl":{"start":{"line":9,"column":15},"end":{"line":9,"column":16}},"loc":{"start":{"line":9,"column":34},"end":{"line":11,"column":7}},"line":9},"1":{"name":"(anonymous_1)","decl":{"start":{"line":12,"column":18},"end":{"line":12,"column":19}},"loc":{"start":{"line":12,"column":37},"end":{"line":16,"column":7}},"line":12},"2":{"name":"(anonymous_2)","decl":{"start":{"line":14,"column":14},"end":{"line":14,"column":15}},"loc":{"start":{"line":14,"column":24},"end":{"line":14,"column":55}},"line":14},"3":{"name":"(anonymous_3)","decl":{"start":{"line":17,"column":17},"end":{"line":17,"column":18}},"loc":{"start":{"line":17,"column":28},"end":{"line":19,"column":7}},"line":17}},"branchMap":{},"s":{"0":1,"1":0,"2":0,"3":0,"4":0,"5":1,"6":1},"f":{"0":0,"1":0,"2":0,"3":0},"b":{},"_coverageSchema":"1a1c01bbd47fc00a2c39e90264f33305004495a9","hash":"a4a60d853b112369a7b4bb49cd92fdd21be5659b"}
,"D:\\skill dev sessions assets\\frontendPractice\\src\\utils\\constants.js": {"path":"D:\\skill dev sessions assets\\frontendPractice\\src\\utils\\constants.js","statementMap":{"0":{"start":{"line":1,"column":21},"end":{"line":1,"column":120}},"1":{"start":{"line":3,"column":34},"end":{"line":3,"column":133}}},"fnMap":{},"branchMap":{},"s":{"0":1,"1":1},"f":{},"b":{},"_coverageSchema":"1a1c01bbd47fc00a2c39e90264f33305004495a9","hash":"7cc25b2f3687371b5dc8781554bd6bafe5614258"}
,"D:\\skill dev sessions assets\\frontendPractice\\src\\utils\\themeSlice.js": {"path":"D:\\skill dev sessions assets\\frontendPractice\\src\\utils\\themeSlice.js","statementMap":{"0":{"start":{"line":4,"column":19},"end":{"line":20,"column":2}},"1":{"start":{"line":11,"column":12},"end":{"line":11,"column":49}},"2":{"start":{"line":14,"column":12},"end":{"line":14,"column":37}},"3":{"start":{"line":17,"column":12},"end":{"line":17,"column":36}},"4":{"start":{"line":22,"column":50},"end":{"line":22,"column":68}}},"fnMap":{"0":{"name":"(anonymous_0)","decl":{"start":{"line":10,"column":21},"end":{"line":10,"column":22}},"loc":{"start":{"line":10,"column":32},"end":{"line":12,"column":9}},"line":10},"1":{"name":"(anonymous_1)","decl":{"start":{"line":13,"column":18},"end":{"line":13,"column":19}},"loc":{"start":{"line":13,"column":29},"end":{"line":15,"column":9}},"line":13},"2":{"name":"(anonymous_2)","decl":{"start":{"line":16,"column":17},"end":{"line":16,"column":18}},"loc":{"start":{"line":16,"column":28},"end":{"line":18,"column":9}},"line":16}},"branchMap":{},"s":{"0":1,"1":0,"2":0,"3":0,"4":1},"f":{"0":0,"1":0,"2":0},"b":{},"_coverageSchema":"1a1c01bbd47fc00a2c39e90264f33305004495a9","hash":"e1e1a8972aa1958eef35b75a0f21ed35406c1979"}
}
